<?xml version="1.0" encoding="UTF-8"?>
<!-- Generated by org.testng.reporters.JUnitReportReporter -->
<testsuite skipped="0" hostname="DESKTOP-9P1MDVM" name="calc.Calc" tests="1" failures="0" timestamp="20 Oct 2020 14:12:30 GMT" time="0.067" errors="0">
  <testcase name="subtract" time="0.067" classname="calc.Calc"/>
</testsuite> <!-- calc.Calc -->
